<?xml version="1.0" encoding="UTF-8"?>
<!-- Generated by org.testng.reporters.JUnitReportReporter -->
<testsuite hostname="IN002FNB" failures="0" tests="1" name="TC09.LoginTest" time="19.735" errors="0" timestamp="2023-01-30T20:12:11 IST" skipped="0">
  <testcase classname="TC09.LoginTest" name="AddCustomer" time="19.735"/>
  <system-out/>
</testsuite> <!-- TC09.LoginTest -->
